<?xml version="1.0" encoding="UTF-8"?>
<!-- Generated by org.testng.reporters.JUnitReportReporter -->
<testsuite hostname="LENOVO-PC" failures="0" tests="1" name="com.crm.CreateOrgTest.CreateOrgTest" time="0.014" errors="0" timestamp="2022-03-28T16:48:13 IST" skipped="0">
  <testcase classname="com.crm.CreateOrgTest.CreateOrgTest" name="createOrg" time="0.014"/>
  <system-out/>
</testsuite> <!-- com.crm.CreateOrgTest.CreateOrgTest -->
